<?xml version="1.0" encoding="UTF-8"?>
<testng-results skipped="0" failed="0" ignored="0" total="1" passed="1">
  <reporter-output>
  </reporter-output>
  <suite name="Default suite" duration-ms="41" started-at="2020-04-12T09:28:36Z" finished-at="2020-04-12T09:28:36Z">
    <groups>
    </groups>
    <test name="Default test" duration-ms="41" started-at="2020-04-12T09:28:36Z" finished-at="2020-04-12T09:28:36Z">
      <class name="TestCases.closeTest">
        <test-method status="PASS" signature="login()[pri:0, instance:TestCases.closeTest@14acaea5]" name="login" duration-ms="11" started-at="2020-04-12T09:28:36Z" finished-at="2020-04-12T09:28:36Z">
          <reporter-output>
          </reporter-output>
        </test-method> <!-- login -->
      </class> <!-- TestCases.closeTest -->
    </test> <!-- Default test -->
  </suite> <!-- Default suite -->
</testng-results>
